C:\USERS\NOTEBOOK\DROPBOX\UNIVER\CARLOGORECOGNITION\CARLOGORECOGNITION\RELEASE\STDAFX.OBJ
C:\USERS\NOTEBOOK\DROPBOX\UNIVER\CARLOGORECOGNITION\CARLOGORECOGNITION\RELEASE\CARLOGORECOGNITION.OBJ
C:\USERS\NOTEBOOK\DROPBOX\UNIVER\CARLOGORECOGNITION\CARLOGORECOGNITION\RELEASE\VC110.PDB
C:\USERS\NOTEBOOK\DROPBOX\UNIVER\CARLOGORECOGNITION\RELEASE\CARLOGORECOGNITION.EXE
C:\USERS\NOTEBOOK\DROPBOX\UNIVER\CARLOGORECOGNITION\RELEASE\CARLOGORECOGNITION.PDB
C:\Users\NoteBook\Dropbox\Univer\CarLogoRecognition\CarLogoRecognition\Release\CarLogoRecognition.obj
C:\Users\NoteBook\Dropbox\Univer\CarLogoRecognition\CarLogoRecognition\Release\stdafx.obj
C:\Users\NoteBook\Dropbox\Univer\CarLogoRecognition\CarLogoRecognition\Release\cl.command.1.tlog
C:\Users\NoteBook\Dropbox\Univer\CarLogoRecognition\CarLogoRecognition\Release\CL.read.1.tlog
C:\Users\NoteBook\Dropbox\Univer\CarLogoRecognition\CarLogoRecognition\Release\CL.write.1.tlog
C:\Users\NoteBook\Dropbox\Univer\CarLogoRecognition\CarLogoRecognition\Release\link-cvtres.read.1.tlog
C:\Users\NoteBook\Dropbox\Univer\CarLogoRecognition\CarLogoRecognition\Release\link-cvtres.write.1.tlog
C:\Users\NoteBook\Dropbox\Univer\CarLogoRecognition\CarLogoRecognition\Release\link-rc.read.1.tlog
C:\Users\NoteBook\Dropbox\Univer\CarLogoRecognition\CarLogoRecognition\Release\link-rc.write.1.tlog
C:\Users\NoteBook\Dropbox\Univer\CarLogoRecognition\CarLogoRecognition\Release\link.command.1.tlog
C:\Users\NoteBook\Dropbox\Univer\CarLogoRecognition\CarLogoRecognition\Release\link.read.1.tlog
C:\Users\NoteBook\Dropbox\Univer\CarLogoRecognition\CarLogoRecognition\Release\link.write.1.tlog
C:\Users\NoteBook\Dropbox\Univer\CarLogoRecognition\CarLogoRecognition\Release\vc110.pdb
C:\Users\NoteBook\Dropbox\Univer\CarLogoRecognition\Release\CarLogoRecognition.pdb
C:\Users\NoteBook\Dropbox\Univer\CarLogoRecognition\Release\CarLogoRecognition.exe
